Build started 7.4.2015 13:57:53.
     1>Project "C:\Users\ttv14saleksil\Documents\GitHub\Koulutehtavat\7.4.2015 C++\7.4.2015 C++\7.4.2015 C++.vcxproj" on node 2 (Build target(s)).
     1>ClCompile:
         C:\Program Files (x86)\Microsoft Visual Studio 12.0\VC\bin\CL.exe /c /ZI /nologo /W3 /WX- /sdl /Od /Oy- /D _MBCS /Gm /EHsc /RTC1 /MDd /GS /fp:precise /Zc:wchar_t /Zc:forScope /Fo"Debug\\" /Fd"Debug\vc120.pdb" /Gd /TP /analyze- /errorReport:prompt Main.cpp
         Main.cpp
     1>c:\users\ttv14saleksil\documents\github\koulutehtavat\7.4.2015 c++\7.4.2015 c++\opintosuoritus.h(40): warning C4244: 'return' : conversion from 'const int' to 'float', possible loss of data
     1>c:\users\ttv14saleksil\documents\github\koulutehtavat\7.4.2015 c++\7.4.2015 c++\main.cpp(9): error C2678: binary '+' : no operator found which takes a left-hand operand of type 'float' (or there is no acceptable conversion)
                 c:\users\ttv14saleksil\documents\github\koulutehtavat\7.4.2015 c++\7.4.2015 c++\opintosuoritus.h(13): could be 'float operator +(const Opintosuoritus &,float &)'
                 c:\users\ttv14saleksil\documents\github\koulutehtavat\7.4.2015 c++\7.4.2015 c++\opintosuoritus.h(12): or       'float operator +(float &,const Opintosuoritus &)'
                 c:\users\ttv14saleksil\documents\github\koulutehtavat\7.4.2015 c++\7.4.2015 c++\opintosuoritus.h(10): or       'float operator +(const Opintosuoritus &,const Opintosuoritus &)'
                 while trying to match the argument list '(float, Opintosuoritus)'
                 c:\users\ttv14saleksil\documents\github\koulutehtavat\7.4.2015 c++\7.4.2015 c++\main.cpp(28) : see reference to function template instantiation 'T laskeKeskiArvo<Opintosuoritus>(T,T,T)' being compiled
                 with
                 [
                     T=Opintosuoritus
                 ]
     1>c:\users\ttv14saleksil\documents\github\koulutehtavat\7.4.2015 c++\7.4.2015 c++\main.cpp(10): error C2664: 'Opintosuoritus::Opintosuoritus(const Opintosuoritus &)' : cannot convert argument 1 from 'float' to 'const Opintosuoritus &'
                 Reason: cannot convert from 'float' to 'const Opintosuoritus'
                 No constructor could take the source type, or constructor overload resolution was ambiguous
     1>Done Building Project "C:\Users\ttv14saleksil\Documents\GitHub\Koulutehtavat\7.4.2015 C++\7.4.2015 C++\7.4.2015 C++.vcxproj" (Build target(s)) -- FAILED.

Build FAILED.

Time Elapsed 00:00:00.41
